{"level":"info","message":"Request URL: /, Log Data: {\"username\":\"Bruce Wayne\",\"password\":\"Doctor@001\",\"gender\":\"MALE\",\"specilization\":\"Pulmonologists\"}"}
{"level":"info","message":"Request URL: /doctors/register, Log Data: {\"username\":\"Bruce Wayne\",\"password\":\"Doctor@001\",\"gender\":\"MALE\",\"specilization\":\"Pulmonologists\"}"}
{"level":"info","message":"Request URL: /doctors/register, Log Data: {\"username\":\"Bruce Wayne\",\"password\":\"Doctor@001\",\"gender\":\"MALE\",\"specilization\":\"Pulmonologists\"}"}
{"level":"info","message":"Request URL: /doctors/register, Log Data: {\"username\":\"Bruce Wayne\",\"password\":\"Doctor@001\",\"gender\":\"MALE\",\"specilization\":\"Pulmonologists\"}"}
{"level":"info","message":"Request URL: /patients, Log Data: {\"patient_name\":\"Barry\",\"phone_no\":959789134,\"gender\":\"MALE\"}"}
{"level":"info","message":"Request URL: /patients, Log Data: {\"patient_name\":\"Barry\",\"phone_no\":959789134,\"gender\":\"MALE\"}"}
{"level":"info","message":"Request URL: /patients, Log Data: {\"patient_name\":\"Barry\",\"phone_no\":959789134,\"gender\":\"MALE\"}"}
{"level":"info","message":"Request URL: /patients, Log Data: {\"patient_name\":\"Barry\",\"phone_no\":959789134,\"gender\":\"MALE\"}"}
{"level":"info","message":"Request URL: /patients/register, Log Data: {\"patient_name\":\"Barry\",\"phone_no\":959789134,\"gender\":\"MALE\"}"}
{"level":"info","message":"Request URL: /patients/register, Log Data: {\"patient_name\":\"Barry\",\"phone_no\":959789134,\"gender\":\"MALE\"}"}
{"level":"info","message":"Request URL: /patients/register, Log Data: {\"patient_name\":\"Barry\",\"phone_no\":959789134,\"gender\":\"MALE\"}"}
{"level":"info","message":"Request URL: /patients/register, Log Data: {\"patient_name\":\"Barry\",\"phone_no\":959789134,\"gender\":\"MALE\"}"}
{"level":"info","message":"Request URL: /patients/register, Log Data: {\"patient_name\":\"Barry\",\"phone_no\":959789134,\"gender\":\"MALE\"}"}
{"level":"info","message":"Request URL: /patients/register, Log Data: {\"patient_name\":\"Barry\",\"phone_no\":959789134,\"gender\":\"MALE\"}"}
{"level":"info","message":"Request URL: /patients/register, Log Data: {\"patient_name\":\"Barry\",\"phone_no\":959789134,\"gender\":\"MALE\"}"}
{"level":"info","message":"Request URL: /patients/register, Log Data: {\"patient_name\":\"Barry\",\"phone_no\":959789134,\"gender\":\"MALE\"}"}
{"level":"info","message":"Request URL: /patients/register, Log Data: {\"patient_name\":\"Barry\",\"phone_no\":959789134,\"gender\":\"MALE\"}"}
{"level":"info","message":"Request URL: /patients/register, Log Data: {\"patient_name\":\"Barry\",\"phone_no\":959789134,\"gender\":\"MALE\"}"}
{"level":"info","message":"Request URL: /patients/register, Log Data: {\"patient_name\":\"Barry\",\"phone_no\":959789134,\"gender\":\"MALE\"}"}
{"level":"info","message":"Request URL: /patients/register, Log Data: {\"patient_name\":\"Barry\",\"phone_no\":959789134,\"gender\":\"MALE\"}"}
{"level":"info","message":"Request URL: /patients/register, Log Data: {\"patient_name\":\"Barry\",\"phone_no\":9597891364,\"gender\":\"MALE\"}"}
{"level":"info","message":"Request URL: /patients/65d6ee3a1fca1c49bc015703/create_report, Log Data: {\"status\":\"jfvhjkvk\"}"}
{"level":"info","message":"Request URL: /patients/65d6ee3a1fca1c49bc015703/create_report, Log Data: {\"status\":\"jfvhjkvk\"}"}
{"level":"info","message":"Request URL: /patients/65d6ee3a1fca1c49bc015703/create_report, Log Data: {\"status\":\"jfvhjkvk\"}"}
{"level":"info","message":"Request URL: /patients/65d6ee3a1fca1c49bc015703/create_report, Log Data: {\"status\":\"jfvhjkvk\"}"}
{"level":"info","message":"Request URL: /patients/65d6ee3a1fca1c49bc015703/create_report, Log Data: {\"status\":\"Negative\"}"}
{"level":"info","message":"Request URL: /patients/65d6ee3a1fca1c49bc015703/create_report, Log Data: {\"status\":\"Negative\"}"}
{"level":"info","message":"Request URL: /patients/65d6ee3a1fca1c49bc015703/create_report, Log Data: {\"status\":\"Negative\"}"}
{"level":"info","message":"Request URL: /patients/65d6ee3a1fca1c49bc015703/create_report, Log Data: {\"status\":\"Negative\"}"}
{"level":"info","message":"Request URL: /patients/65d6ee3a1fca1c49bc015703/create_report, Log Data: {\"status\":\"Negative\"}"}
{"level":"info","message":"Request URL: /patients/65d6ee3a1fca1c49bc015703/create_report, Log Data: {\"status\":\"Negative\"}"}
{"level":"info","message":"Request URL: /patients/65d6ee3a1fca1c49bc015703/create_report, Log Data: {\"status\":\"Negative\"}"}
{"level":"info","message":"Request URL: /patients/65d6ee3a1fca1c49bc015703/create_report, Log Data: {\"status\":\"Negative\"}"}
{"level":"info","message":"Request URL: /patients/65d6ee3a1fca1c49bc015703/create_report, Log Data: {\"status\":\"Negative\"}"}
{"level":"info","message":"Request URL: /patients/65d6ee3a1fca1c49bc015703/create_report, Log Data: {\"status\":\"Negative\"}"}
{"level":"info","message":"Request URL: /patients/65d6ee3a1fca1c49bc015703/create_report, Log Data: {\"status\":\"Negative\"}"}
{"level":"info","message":"Request URL: /patients/65d6ee3a1fca1c49bc015703/create_report, Log Data: {\"status\":\"Negative\"}"}
{"level":"info","message":"Request URL: /patients/65d6ee3a1fca1c49bc015703/create_report, Log Data: {\"status\":\"Negative\"}"}
{"level":"info","message":"Request URL: /patients/65d6ee3a1fca1c49bc015703/create_report, Log Data: {\"status\":\"Negative\"}"}
{"level":"info","message":"Request URL: /patients/65d6ee3a1fca1c49bc015703/create_report, Log Data: {\"status\":\"Negative\"}"}
{"level":"info","message":"Request URL: /patients/65d6ee3a1fca1c49bc015703/create_report, Log Data: {\"status\":\"Negative\"}"}
{"level":"info","message":"Request URL: /patients/65d6ee3a1fca1c49bc015703/create_report, Log Data: {\"status\":\"Negative\"}"}
{"level":"info","message":"Request URL: /patients/65d6ee3a1fca1c49bc015703/create_report, Log Data: {\"status\":\"Negative\"}"}
{"level":"info","message":"Request URL: /patients/65d6ee3a1fca1c49bc015703/create_report, Log Data: {\"status\":\"Negative\"}"}
{"level":"info","message":"Request URL: /patients/65d6ee3a1fca1c49bc015703/create_report, Log Data: {\"status\":\"Travelled-Quarantine\"}"}
{"level":"info","message":"Request URL: /patients/65d6ee3a1fca1c49bc015703/create_report, Log Data: {\"status\":\"Symptoms-Quarantine\"}"}
{"level":"info","message":"Request URL: /patients/65d6ee3a1fca1c49bc015703/all_reports, Log Data: {\"status\":\"Symptoms-Quarantine\"}"}
{"level":"info","message":"Request URL: /patients/65d6ee3a1fca1c49bc015703/all_reports, Log Data: {\"status\":\"Symptoms-Quarantine\"}"}
{"level":"info","message":"Request URL: /patients/65d6ee3a1fca1c49bc015703/all_reports, Log Data: {\"status\":\"Symptoms-Quarantine\"}"}
{"level":"info","message":"Request URL: /patients/65d6ee3a1fca1c49bc015703/all_reports, Log Data: {\"status\":\"Symptoms-Quarantine\"}"}
{"level":"info","message":"Request URL: /patients/65d6ee3a1fca1c49bc015703/all_reports, Log Data: {\"status\":\"Symptoms-Quarantine\"}"}
{"level":"info","message":"Request URL: /patients/65d6ee3a1fca1c49bc015703/all_reports, Log Data: {\"status\":\"Symptoms-Quarantine\"}"}
{"level":"info","message":"Request URL: /patients/65d6ee3a1fca1c49bc015703/all_reports, Log Data: {\"status\":\"Symptoms-Quarantine\"}"}
{"level":"info","message":"Request URL: /patients/65d6ee3a1fca1c49bc015703/all_reports, Log Data: {\"status\":\"Symptoms-Quarantine\"}"}
{"level":"info","message":"Request URL: /patients/65d6ee3a1fca1c49bc015703/all_reports, Log Data: {\"status\":\"Symptoms-Quarantine\"}"}
{"level":"info","message":"Request URL: /patients/65d6ee3a1fca1c49bc015703/all_reports, Log Data: {\"status\":\"Symptoms-Quarantine\"}"}
{"level":"info","message":"Request URL: /reports/NEGATIVE, Log Data: {\"status\":\"Symptoms-Quarantine\"}"}
{"level":"info","message":"Request URL: /reports/NEGATIVE, Log Data: {\"status\":\"Symptoms-Quarantine\"}"}
{"level":"info","message":"Request URL: /reports/NEGATIVE, Log Data: {\"status\":\"Symptoms-Quarantine\"}"}
{"level":"info","message":"Request URL: /reports/NEGATIVE, Log Data: {\"status\":\"Symptoms-Quarantine\"}"}
{"level":"info","message":"Request URL: /reports/NEGATIVE, Log Data: {\"status\":\"Symptoms-Quarantine\"}"}
{"level":"info","message":"Request URL: /reports/NEGATIVE, Log Data: {\"status\":\"Symptoms-Quarantine\"}"}
{"level":"info","message":"Request URL: /reports/Negative, Log Data: {\"status\":\"Symptoms-Quarantine\"}"}
{"level":"info","message":"Request URL: /reports/Negative, Log Data: {\"status\":\"Symptoms-Quarantine\"}"}
{"level":"info","message":"Request URL: /doctors/register, Log Data: {\"username\":\"Clark Kent\",\"password\":\"Doctor@001\",\"gender\":\"MALE\",\"specilization\":\"Pulmonologists\"}"}
{"level":"info","message":"Request URL: /patients/register, Log Data: {\"patient_name\":\"Athi\",\"phone_no\":9597891364,\"gender\":\"MALE\"}"}
{"level":"info","message":"Request URL: /patients/65d6ee3a1fca1c49bc015703/create_report, Log Data: {\"status\":\"Symptoms-Quarantine\"}"}
{"level":"info","message":"Request URL: /patients/65d6ee3a1fca1c49bc015703/all_reports, Log Data: {\"status\":\"Symptoms-Quarantine\"}"}
{"level":"info","message":"Request URL: /reports/Negative, Log Data: {\"status\":\"Symptoms-Quarantine\"}"}
{"level":"info","message":"Request URL: /reports/Symptoms-Quarantine, Log Data: {\"status\":\"Symptoms-Quarantine\"}"}
